<?xml version="1.0" encoding="UTF-8"?>
<!-- Generated by org.testng.reporters.JUnitReportReporter -->
<testsuite hostname="LAPTOP-08JOA6UU" name="org.test.Lennox" tests="1" failures="0" timestamp="5 Apr 2021 07:41:07 GMT" time="44.635" errors="0">
  <testcase name="test" time="44.635" classname="org.test.Lennox"/>
</testsuite> <!-- org.test.Lennox -->
