<?xml version="1.0" encoding="UTF-8"?>
<!-- Generated by org.testng.reporters.JUnitReportReporter -->
<testsuite hostname="LAPTOP-08JOA6UU" name="org.test.Lennox" tests="3" failures="0" timestamp="5 Apr 2021 06:09:25 GMT" time="148.242" errors="0">
  <testcase name="test" time="69.463" classname="org.test.Lennox"/>
  <testcase name="test" time="45.735" classname="org.test.Lennox"/>
  <testcase name="test" time="33.044" classname="org.test.Lennox"/>
</testsuite> <!-- org.test.Lennox -->
